<?xml version="1.0" encoding="UTF-8"?>
<!-- Generated by org.testng.reporters.JUnitReportReporter -->
<testsuite skipped="0" hostname="Jalarambapa" name="uk.co.library.testsuite.JobSearchTest" tests="7" failures="0" timestamp="2022-12-15T21:24:38 GMT" time="493.317" errors="0">
  <testcase name="verifyJobSearchResultUsingDifferentDataSet" time="75.895" classname="uk.co.library.testsuite.JobSearchTest"/>
  <system-out>
    <![CDATA[Entering job title: [[ChromeDriver: chrome on WINDOWS (88f93715b527b05d40527061152f897c)] -> id: keywords]
Entering Location: [[ChromeDriver: chrome on WINDOWS (88f93715b527b05d40527061152f897c)] -> id: location]
Selecting Distance from Dropdown menu: [[ChromeDriver: chrome on WINDOWS (88f93715b527b05d40527061152f897c)] -> id: location]
Click on More Search link: [[ChromeDriver: chrome on WINDOWS (88f93715b527b05d40527061152f897c)] -> id: toggle-hp-search]
Entering Minimum Salary: [[ChromeDriver: chrome on WINDOWS (88f93715b527b05d40527061152f897c)] -> id: salarymin]
Entering Maximum Salary: [[ChromeDriver: chrome on WINDOWS (88f93715b527b05d40527061152f897c)] -> id: salarymax]
Selecting Salary Type from Dropdown menu: [[ChromeDriver: chrome on WINDOWS (88f93715b527b05d40527061152f897c)] -> id: salarytype]
Selecting Job Type from Dropdown menu: [[ChromeDriver: chrome on WINDOWS (88f93715b527b05d40527061152f897c)] -> id: tempperm]
Click on Find Job Button: [[ChromeDriver: chrome on WINDOWS (88f93715b527b05d40527061152f897c)] -> id: hp-search-btn]]]>
  </system-out>
  <testcase name="verifyJobSearchResultUsingDifferentDataSet" time="68.923" classname="uk.co.library.testsuite.JobSearchTest"/>
  <system-out>
    <![CDATA[Entering job title: [[ChromeDriver: chrome on WINDOWS (2c474467530acf3ce1e1d5b7a27e36e4)] -> id: keywords]
Entering Location: [[ChromeDriver: chrome on WINDOWS (2c474467530acf3ce1e1d5b7a27e36e4)] -> id: location]
Selecting Distance from Dropdown menu: [[ChromeDriver: chrome on WINDOWS (2c474467530acf3ce1e1d5b7a27e36e4)] -> id: location]
Click on More Search link: [[ChromeDriver: chrome on WINDOWS (2c474467530acf3ce1e1d5b7a27e36e4)] -> id: toggle-hp-search]
Entering Minimum Salary: [[ChromeDriver: chrome on WINDOWS (2c474467530acf3ce1e1d5b7a27e36e4)] -> id: salarymin]
Entering Maximum Salary: [[ChromeDriver: chrome on WINDOWS (2c474467530acf3ce1e1d5b7a27e36e4)] -> id: salarymax]
Selecting Salary Type from Dropdown menu: [[ChromeDriver: chrome on WINDOWS (2c474467530acf3ce1e1d5b7a27e36e4)] -> id: salarytype]
Selecting Job Type from Dropdown menu: [[ChromeDriver: chrome on WINDOWS (2c474467530acf3ce1e1d5b7a27e36e4)] -> id: tempperm]
Click on Find Job Button: [[ChromeDriver: chrome on WINDOWS (2c474467530acf3ce1e1d5b7a27e36e4)] -> id: hp-search-btn]]]>
  </system-out>
  <testcase name="verifyJobSearchResultUsingDifferentDataSet" time="55.330" classname="uk.co.library.testsuite.JobSearchTest"/>
  <system-out>
    <![CDATA[Entering job title: [[ChromeDriver: chrome on WINDOWS (6b999b8ba608093b3d6328f44d8349ba)] -> id: keywords]
Entering Location: [[ChromeDriver: chrome on WINDOWS (6b999b8ba608093b3d6328f44d8349ba)] -> id: location]
Selecting Distance from Dropdown menu: [[ChromeDriver: chrome on WINDOWS (6b999b8ba608093b3d6328f44d8349ba)] -> id: location]
Click on More Search link: [[ChromeDriver: chrome on WINDOWS (6b999b8ba608093b3d6328f44d8349ba)] -> id: toggle-hp-search]
Entering Minimum Salary: [[ChromeDriver: chrome on WINDOWS (6b999b8ba608093b3d6328f44d8349ba)] -> id: salarymin]
Entering Maximum Salary: [[ChromeDriver: chrome on WINDOWS (6b999b8ba608093b3d6328f44d8349ba)] -> id: salarymax]
Selecting Salary Type from Dropdown menu: [[ChromeDriver: chrome on WINDOWS (6b999b8ba608093b3d6328f44d8349ba)] -> id: salarytype]
Selecting Job Type from Dropdown menu: [[ChromeDriver: chrome on WINDOWS (6b999b8ba608093b3d6328f44d8349ba)] -> id: tempperm]
Click on Find Job Button: [[ChromeDriver: chrome on WINDOWS (6b999b8ba608093b3d6328f44d8349ba)] -> id: hp-search-btn]]]>
  </system-out>
  <testcase name="verifyJobSearchResultUsingDifferentDataSet" time="94.502" classname="uk.co.library.testsuite.JobSearchTest"/>
  <system-out>
    <![CDATA[Entering job title: [[ChromeDriver: chrome on WINDOWS (dce6af89f7259df6c61a38b3a1c53388)] -> id: keywords]
Entering Location: [[ChromeDriver: chrome on WINDOWS (dce6af89f7259df6c61a38b3a1c53388)] -> id: location]
Selecting Distance from Dropdown menu: [[ChromeDriver: chrome on WINDOWS (dce6af89f7259df6c61a38b3a1c53388)] -> id: location]
Click on More Search link: [[ChromeDriver: chrome on WINDOWS (dce6af89f7259df6c61a38b3a1c53388)] -> id: toggle-hp-search]
Entering Minimum Salary: [[ChromeDriver: chrome on WINDOWS (dce6af89f7259df6c61a38b3a1c53388)] -> id: salarymin]
Entering Maximum Salary: [[ChromeDriver: chrome on WINDOWS (dce6af89f7259df6c61a38b3a1c53388)] -> id: salarymax]
Selecting Salary Type from Dropdown menu: [[ChromeDriver: chrome on WINDOWS (dce6af89f7259df6c61a38b3a1c53388)] -> id: salarytype]
Selecting Job Type from Dropdown menu: [[ChromeDriver: chrome on WINDOWS (dce6af89f7259df6c61a38b3a1c53388)] -> id: tempperm]
Click on Find Job Button: [[ChromeDriver: chrome on WINDOWS (dce6af89f7259df6c61a38b3a1c53388)] -> id: hp-search-btn]]]>
  </system-out>
  <testcase name="verifyJobSearchResultUsingDifferentDataSet" time="78.879" classname="uk.co.library.testsuite.JobSearchTest"/>
  <system-out>
    <![CDATA[Entering job title: [[ChromeDriver: chrome on WINDOWS (129a3a195f6d50d9d6b3abdf950423fb)] -> id: keywords]
Entering Location: [[ChromeDriver: chrome on WINDOWS (129a3a195f6d50d9d6b3abdf950423fb)] -> id: location]
Selecting Distance from Dropdown menu: [[ChromeDriver: chrome on WINDOWS (129a3a195f6d50d9d6b3abdf950423fb)] -> id: location]
Click on More Search link: [[ChromeDriver: chrome on WINDOWS (129a3a195f6d50d9d6b3abdf950423fb)] -> id: toggle-hp-search]
Entering Minimum Salary: [[ChromeDriver: chrome on WINDOWS (129a3a195f6d50d9d6b3abdf950423fb)] -> id: salarymin]
Entering Maximum Salary: [[ChromeDriver: chrome on WINDOWS (129a3a195f6d50d9d6b3abdf950423fb)] -> id: salarymax]
Selecting Salary Type from Dropdown menu: [[ChromeDriver: chrome on WINDOWS (129a3a195f6d50d9d6b3abdf950423fb)] -> id: salarytype]
Selecting Job Type from Dropdown menu: [[ChromeDriver: chrome on WINDOWS (129a3a195f6d50d9d6b3abdf950423fb)] -> id: tempperm]
Click on Find Job Button: [[ChromeDriver: chrome on WINDOWS (129a3a195f6d50d9d6b3abdf950423fb)] -> id: hp-search-btn]]]>
  </system-out>
  <testcase name="verifyJobSearchResultUsingDifferentDataSet" time="57.835" classname="uk.co.library.testsuite.JobSearchTest"/>
  <system-out>
    <![CDATA[Entering job title: [[ChromeDriver: chrome on WINDOWS (d6323a1715a036cfec2a690a19665094)] -> id: keywords]
Entering Location: [[ChromeDriver: chrome on WINDOWS (d6323a1715a036cfec2a690a19665094)] -> id: location]
Selecting Distance from Dropdown menu: [[ChromeDriver: chrome on WINDOWS (d6323a1715a036cfec2a690a19665094)] -> id: location]
Click on More Search link: [[ChromeDriver: chrome on WINDOWS (d6323a1715a036cfec2a690a19665094)] -> id: toggle-hp-search]
Entering Minimum Salary: [[ChromeDriver: chrome on WINDOWS (d6323a1715a036cfec2a690a19665094)] -> id: salarymin]
Entering Maximum Salary: [[ChromeDriver: chrome on WINDOWS (d6323a1715a036cfec2a690a19665094)] -> id: salarymax]
Selecting Salary Type from Dropdown menu: [[ChromeDriver: chrome on WINDOWS (d6323a1715a036cfec2a690a19665094)] -> id: salarytype]
Selecting Job Type from Dropdown menu: [[ChromeDriver: chrome on WINDOWS (d6323a1715a036cfec2a690a19665094)] -> id: tempperm]
Click on Find Job Button: [[ChromeDriver: chrome on WINDOWS (d6323a1715a036cfec2a690a19665094)] -> id: hp-search-btn]]]>
  </system-out>
  <testcase name="verifyJobSearchResultUsingDifferentDataSet" time="61.953" classname="uk.co.library.testsuite.JobSearchTest"/>
  <system-out>
    <![CDATA[Entering job title: [[ChromeDriver: chrome on WINDOWS (cf898ec8df4fca03d5bfa2d8ff2ffadb)] -> id: keywords]
Entering Location: [[ChromeDriver: chrome on WINDOWS (cf898ec8df4fca03d5bfa2d8ff2ffadb)] -> id: location]
Selecting Distance from Dropdown menu: [[ChromeDriver: chrome on WINDOWS (cf898ec8df4fca03d5bfa2d8ff2ffadb)] -> id: location]
Click on More Search link: [[ChromeDriver: chrome on WINDOWS (cf898ec8df4fca03d5bfa2d8ff2ffadb)] -> id: toggle-hp-search]
Entering Minimum Salary: [[ChromeDriver: chrome on WINDOWS (cf898ec8df4fca03d5bfa2d8ff2ffadb)] -> id: salarymin]
Entering Maximum Salary: [[ChromeDriver: chrome on WINDOWS (cf898ec8df4fca03d5bfa2d8ff2ffadb)] -> id: salarymax]
Selecting Salary Type from Dropdown menu: [[ChromeDriver: chrome on WINDOWS (cf898ec8df4fca03d5bfa2d8ff2ffadb)] -> id: salarytype]
Selecting Job Type from Dropdown menu: [[ChromeDriver: chrome on WINDOWS (cf898ec8df4fca03d5bfa2d8ff2ffadb)] -> id: tempperm]
Click on Find Job Button: [[ChromeDriver: chrome on WINDOWS (cf898ec8df4fca03d5bfa2d8ff2ffadb)] -> id: hp-search-btn]]]>
  </system-out>
</testsuite> <!-- uk.co.library.testsuite.JobSearchTest -->
